<?xml version="1.0" encoding="UTF-8"?>
<testsuite name="UrlifyTest" tests="4" skipped="0" failures="0" errors="0" timestamp="2020-08-01T18:03:10" hostname="artemis" time="0.035">
  <properties/>
  <testcase name="replacesNothingWhenGivenNothing()" classname="UrlifyTest" time="0.023"/>
  <testcase name="replacesNothingWhenNoSpaces()" classname="UrlifyTest" time="0.002"/>
  <testcase name="replacesSpaceInBetweenManyWords()" classname="UrlifyTest" time="0.003"/>
  <testcase name="replacesSpaceInBetweenWords()" classname="UrlifyTest" time="0.004"/>
  <system-out><![CDATA[]]></system-out>
  <system-err><![CDATA[]]></system-err>
</testsuite>
